============================= test session starts ==============================
platform linux -- Python 3.12.13, pytest-9.1.1, pluggy-1.6.0
rootdir: /app
plugins: anyio-4.14.1
collected 43 items / 42 deselected / 1 selected

tests/test_api.py F                                                      [100%]

=================================== FAILURES ===================================
___________ TestPredictionAPI.test_valid_prediction_returns_accepted ___________

self = <sqlalchemy.engine.base.Connection object at 0x7fa6e1b4d550>
dialect = <sqlalchemy.dialects.sqlite.pysqlite.SQLiteDialect_pysqlite object at 0x7fa6e31dcd10>
constructor = <bound method DefaultExecutionContext._init_compiled of <class 'sqlalchemy.dialects.sqlite.base.SQLiteExecutionContext'>>
statement = <sqlalchemy.dialects.sqlite.base.SQLiteCompiler object at 0x7fa6e11804a0>
parameters = [{}]
execution_options = immutabledict({'_result_disable_adapt_to_context': True})
args = (<sqlalchemy.dialects.sqlite.base.SQLiteCompiler object at 0x7fa6e11804a0>, [{}], <sqlalchemy.sql.selectable.Select ob...', type_=Uuid()), BindParameter('%(140354717746288 match_id)s', 'ac89900f-5ea9-4d92-8099-2734b7bdc741', type_=Uuid())])
kw = {'cache_hit': <CacheStats.CACHE_MISS: 1>}

    def _execute_context(
        self,
        dialect: Dialect,
        constructor: Callable[..., ExecutionContext],
        statement: Union[str, Compiled],
        parameters: Optional[_AnyMultiExecuteParams],
        execution_options: _ExecuteOptions,
        *args: Any,
        **kw: Any,
    ) -> CursorResult[Any]:
        """Create an :class:`.ExecutionContext` and execute, returning
        a :class:`_engine.CursorResult`."""
    
        if execution_options:
            yp = execution_options.get("yield_per", None)
            if yp:
                execution_options = execution_options.union(
                    {"stream_results": True, "max_row_buffer": yp}
                )
        try:
            conn = self._dbapi_connection
            if conn is None:
                conn = self._revalidate_connection()
    
>           context = constructor(
                dialect, self, conn, execution_options, *args, **kw
            )

/usr/local/lib/python3.12/site-packages/sqlalchemy/engine/base.py:1817: 
_ _ _ _ _ _ _ _ _ _ _ _ _ _ _ _ _ _ _ _ _ _ _ _ _ _ _ _ _ _ _ _ _ _ _ _ _ _ _ _ 

cls = <class 'sqlalchemy.dialects.sqlite.base.SQLiteExecutionContext'>
dialect = <sqlalchemy.dialects.sqlite.pysqlite.SQLiteDialect_pysqlite object at 0x7fa6e31dcd10>
connection = <sqlalchemy.engine.base.Connection object at 0x7fa6e1b4d550>
dbapi_connection = <sqlalchemy.pool.base._ConnectionFairy object at 0x7fa6e1b54b90>
execution_options = immutabledict({'_result_disable_adapt_to_context': True})
compiled = <sqlalchemy.dialects.sqlite.base.SQLiteCompiler object at 0x7fa6e11804a0>
parameters = [{}]
invoked_statement = <sqlalchemy.sql.selectable.Select object at 0x7fa6e1180200>
extracted_parameters = [BindParameter('%(140354728032784 team_id)s', 'c6a02263-3425-4946-a192-98d1ec97fb64', type_=Uuid()), BindParameter('%(140354717746288 match_id)s', 'ac89900f-5ea9-4d92-8099-2734b7bdc741', type_=Uuid())]
cache_hit = <CacheStats.CACHE_MISS: 1>

    @classmethod
    def _init_compiled(
        cls,
        dialect: Dialect,
        connection: Connection,
        dbapi_connection: PoolProxiedConnection,
        execution_options: _ExecuteOptions,
        compiled: SQLCompiler,
        parameters: _CoreMultiExecuteParams,
        invoked_statement: Executable,
        extracted_parameters: Optional[Sequence[BindParameter[Any]]],
        cache_hit: CacheStats = CacheStats.CACHING_DISABLED,
    ) -> ExecutionContext:
        """Initialize execution context for a Compiled construct."""
    
        self = cls.__new__(cls)
        self.root_connection = connection
        self._dbapi_connection = dbapi_connection
        self.dialect = connection.dialect
        self.extracted_parameters = extracted_parameters
        self.invoked_statement = invoked_statement
        self.compiled = compiled
        self.cache_hit = cache_hit
    
        self.execution_options = execution_options
    
        self.result_column_struct = (
            compiled._result_columns,
            compiled._ordered_columns,
            compiled._textual_ordered_columns,
            compiled._ad_hoc_textual,
            compiled._loose_column_name_matching,
        )
    
        self.isinsert = ii = compiled.isinsert
        self.isupdate = iu = compiled.isupdate
        self.isdelete = id_ = compiled.isdelete
        self.is_text = compiled.isplaintext
    
        if ii or iu or id_:
            dml_statement = compiled.compile_state.statement  # type: ignore
            if TYPE_CHECKING:
                assert isinstance(dml_statement, UpdateBase)
            self.is_crud = True
            self._is_explicit_returning = ier = bool(dml_statement._returning)
            self._is_implicit_returning = iir = bool(
                compiled.implicit_returning
            )
            if iir and dml_statement._supplemental_returning:
                self._is_supplemental_returning = True
    
            # dont mix implicit and explicit returning
            assert not (iir and ier)
    
            if (ier or iir) and compiled.for_executemany:
                if ii and not self.dialect.insert_executemany_returning:
                    raise exc.InvalidRequestError(
                        f"Dialect {self.dialect.dialect_description} with "
                        f"current server capabilities does not support "
                        "INSERT..RETURNING when executemany is used"
                    )
                elif (
                    ii
                    and dml_statement._sort_by_parameter_order
                    and not self.dialect.insert_executemany_returning_sort_by_parameter_order  # noqa: E501
                ):
                    raise exc.InvalidRequestError(
                        f"Dialect {self.dialect.dialect_description} with "
                        f"current server capabilities does not support "
                        "INSERT..RETURNING with deterministic row ordering "
                        "when executemany is used"
                    )
                elif (
                    ii
                    and self.dialect.use_insertmanyvalues
                    and not compiled._insertmanyvalues
                ):
                    raise exc.InvalidRequestError(
                        'Statement does not have "insertmanyvalues" '
                        "enabled, can't use INSERT..RETURNING with "
                        "executemany in this case."
                    )
                elif iu and not self.dialect.update_executemany_returning:
                    raise exc.InvalidRequestError(
                        f"Dialect {self.dialect.dialect_description} with "
                        f"current server capabilities does not support "
                        "UPDATE..RETURNING when executemany is used"
                    )
                elif id_ and not self.dialect.delete_executemany_returning:
                    raise exc.InvalidRequestError(
                        f"Dialect {self.dialect.dialect_description} with "
                        f"current server capabilities does not support "
                        "DELETE..RETURNING when executemany is used"
                    )
    
        if not parameters:
            self.compiled_parameters = [
                compiled.construct_params(
                    extracted_parameters=extracted_parameters,
                    escape_names=False,
                )
            ]
        else:
            self.compiled_parameters = [
                compiled.construct_params(
                    m,
                    escape_names=False,
                    _group_number=grp,
                    extracted_parameters=extracted_parameters,
                )
                for grp, m in enumerate(parameters)
            ]
    
            if len(parameters) > 1:
                if self.isinsert and compiled._insertmanyvalues:
                    self.execute_style = ExecuteStyle.INSERTMANYVALUES
    
                    imv = compiled._insertmanyvalues
                    if imv.sentinel_columns is not None:
                        self._num_sentinel_cols = imv.num_sentinel_columns
                else:
                    self.execute_style = ExecuteStyle.EXECUTEMANY
    
        self.unicode_statement = compiled.string
    
        self.cursor = self.create_cursor()
    
        if self.compiled.insert_prefetch or self.compiled.update_prefetch:
            self._process_execute_defaults()
    
        processors = compiled._bind_processors
    
        flattened_processors: Mapping[
            str, _BindProcessorType[Any]
        ] = processors  # type: ignore[assignment]
    
        if compiled.literal_execute_params or compiled.post_compile_params:
            if self.executemany:
                raise exc.InvalidRequestError(
                    "'literal_execute' or 'expanding' parameters can't be "
                    "used with executemany()"
                )
    
            expanded_state = compiled._process_parameters_for_postcompile(
                self.compiled_parameters[0]
            )
    
            # re-assign self.unicode_statement
            self.unicode_statement = expanded_state.statement
    
            self._expanded_parameters = expanded_state.parameter_expansion
    
            flattened_processors = dict(processors)  # type: ignore
            flattened_processors.update(expanded_state.processors)
            positiontup = expanded_state.positiontup
        elif compiled.positional:
            positiontup = self.compiled.positiontup
        else:
            positiontup = None
    
        if compiled.schema_translate_map:
            schema_translate_map = self.execution_options.get(
                "schema_translate_map", {}
            )
            rst = compiled.preparer._render_schema_translates
            self.unicode_statement = rst(
                self.unicode_statement, schema_translate_map
            )
    
        # final self.unicode_statement is now assigned, encode if needed
        # by dialect
        self.statement = self.unicode_statement
    
        # Convert the dictionary of bind parameter values
        # into a dict or list to be sent to the DBAPI's
        # execute() or executemany() method.
    
        if compiled.positional:
            core_positional_parameters: MutableSequence[Sequence[Any]] = []
            assert positiontup is not None
            for compiled_params in self.compiled_parameters:
                l_param: List[Any] = [
                    (
>                       flattened_processors[key](compiled_params[key])
                        if key in flattened_processors
                        else compiled_params[key]
                    )
                    for key in positiontup
                ]

/usr/local/lib/python3.12/site-packages/sqlalchemy/engine/default.py:1496: 
_ _ _ _ _ _ _ _ _ _ _ _ _ _ _ _ _ _ _ _ _ _ _ _ _ _ _ _ _ _ _ _ _ _ _ _ _ _ _ _ 

value = 'c6a02263-3425-4946-a192-98d1ec97fb64'

    def process(value):
        if value is not None:
>           value = value.hex
                    ^^^^^^^^^
E           AttributeError: 'str' object has no attribute 'hex'

/usr/local/lib/python3.12/site-packages/sqlalchemy/sql/sqltypes.py:3734: AttributeError

The above exception was the direct cause of the following exception:

self = <test_api.TestPredictionAPI object at 0x7fa6e29aef00>
client = <starlette.testclient.TestClient object at 0x7fa6e297eba0>
team_a = <app.models.team.TeamModel object at 0x7fa6e23caf00>
team_leader_headers = {'Authorization': 'Bearer eyJhbGciOiJIUzI1NiIsInR5cCI6IkpXVCJ9.eyJzdWIiOiI5OGVhMWUzNy04NzZmLTQyYWItOWU4YS0yMjY2ZTI0ZTVmZjkiLCJyb2xlIjoiVEVBTV9MRUFERVIiLCJleHAiOjE3ODI3MjM1MjZ9.tzBpM-xMV2PeQ_Ay3_cmuU5LcyIYrwwQLS35tZ_ys8Q'}
sample_match = <app.models.match.MatchModel object at 0x7fa6e1ae2300>

    def test_valid_prediction_returns_accepted(self, client, team_a, team_leader_headers, sample_match):
        payload = _load("valid_prediction.json")
        payload = _patch_payload(payload, team_id=str(team_a.id), match_id=str(sample_match.id))
>       resp = client.post("/api/v1/predictions", json=payload, headers=team_leader_headers)
               ^^^^^^^^^^^^^^^^^^^^^^^^^^^^^^^^^^^^^^^^^^^^^^^^^^^^^^^^^^^^^^^^^^^^^^^^^^^^^

tests/test_api.py:130: 
_ _ _ _ _ _ _ _ _ _ _ _ _ _ _ _ _ _ _ _ _ _ _ _ _ _ _ _ _ _ _ _ _ _ _ _ _ _ _ _ 

self = <starlette.testclient.TestClient object at 0x7fa6e297eba0>
url = '/api/v1/predictions', content = None, data = None, files = None
json = {'team_id': 'c6a02263-3425-4946-a192-98d1ec97fb64', 'match_id': 'ac89900f-5ea9-4d92-8099-2734b7bdc741', 'submission_id...ty': 25.0, 'away_win_probability': 20.0}, 'clean_sheet_probability': {'home_team': 30.0, 'away_team': 15.0}, ...}, ...}
params = None
headers = {'Authorization': 'Bearer eyJhbGciOiJIUzI1NiIsInR5cCI6IkpXVCJ9.eyJzdWIiOiI5OGVhMWUzNy04NzZmLTQyYWItOWU4YS0yMjY2ZTI0ZTVmZjkiLCJyb2xlIjoiVEVBTV9MRUFERVIiLCJleHAiOjE3ODI3MjM1MjZ9.tzBpM-xMV2PeQ_Ay3_cmuU5LcyIYrwwQLS35tZ_ys8Q'}
cookies = None, auth = <httpx._client.UseClientDefault object at 0x7fa6e7158d40>
follow_redirects = <httpx._client.UseClientDefault object at 0x7fa6e7158d40>
timeout = <httpx._client.UseClientDefault object at 0x7fa6e7158d40>
extensions = None

    def post(  # type: ignore[override]
        self,
        url: httpx._types.URLTypes,
        *,
        content: httpx._types.RequestContent | None = None,
        data: _RequestData | None = None,
        files: httpx._types.RequestFiles | None = None,
        json: Any = None,
        params: httpx._types.QueryParamTypes | None = None,
        headers: httpx._types.HeaderTypes | None = None,
        cookies: httpx._types.CookieTypes | None = None,
        auth: httpx._types.AuthTypes | httpx._client.UseClientDefault = httpx._client.USE_CLIENT_DEFAULT,
        follow_redirects: bool | httpx._client.UseClientDefault = httpx._client.USE_CLIENT_DEFAULT,
        timeout: httpx._types.TimeoutTypes | httpx._client.UseClientDefault = httpx._client.USE_CLIENT_DEFAULT,
        extensions: dict[str, Any] | None = None,
    ) -> httpx.Response:
>       return super().post(
            url,
            content=content,
            data=data,
            files=files,
            json=json,
            params=params,
            headers=headers,
            cookies=cookies,
            auth=auth,
            follow_redirects=follow_redirects,
            timeout=timeout,
            extensions=extensions,
        )

/usr/local/lib/python3.12/site-packages/starlette/testclient.py:555: 
_ _ _ _ _ _ _ _ _ _ _ _ _ _ _ _ _ _ _ _ _ _ _ _ _ _ _ _ _ _ _ _ _ _ _ _ _ _ _ _ 

self = <starlette.testclient.TestClient object at 0x7fa6e297eba0>
url = '/api/v1/predictions', content = None, data = None, files = None
json = {'team_id': 'c6a02263-3425-4946-a192-98d1ec97fb64', 'match_id': 'ac89900f-5ea9-4d92-8099-2734b7bdc741', 'submission_id...ty': 25.0, 'away_win_probability': 20.0}, 'clean_sheet_probability': {'home_team': 30.0, 'away_team': 15.0}, ...}, ...}
params = None
headers = {'Authorization': 'Bearer eyJhbGciOiJIUzI1NiIsInR5cCI6IkpXVCJ9.eyJzdWIiOiI5OGVhMWUzNy04NzZmLTQyYWItOWU4YS0yMjY2ZTI0ZTVmZjkiLCJyb2xlIjoiVEVBTV9MRUFERVIiLCJleHAiOjE3ODI3MjM1MjZ9.tzBpM-xMV2PeQ_Ay3_cmuU5LcyIYrwwQLS35tZ_ys8Q'}
cookies = None, auth = <httpx._client.UseClientDefault object at 0x7fa6e7158d40>
follow_redirects = <httpx._client.UseClientDefault object at 0x7fa6e7158d40>
timeout = <httpx._client.UseClientDefault object at 0x7fa6e7158d40>
extensions = None

    def post(
        self,
        url: URL | str,
        *,
        content: RequestContent | None = None,
        data: RequestData | None = None,
        files: RequestFiles | None = None,
        json: typing.Any | None = None,
        params: QueryParamTypes | None = None,
        headers: HeaderTypes | None = None,
        cookies: CookieTypes | None = None,
        auth: AuthTypes | UseClientDefault = USE_CLIENT_DEFAULT,
        follow_redirects: bool | UseClientDefault = USE_CLIENT_DEFAULT,
        timeout: TimeoutTypes | UseClientDefault = USE_CLIENT_DEFAULT,
        extensions: RequestExtensions | None = None,
    ) -> Response:
        """
        Send a `POST` request.
    
        **Parameters**: See `httpx.request`.
        """
>       return self.request(
            "POST",
            url,
            content=content,
            data=data,
            files=files,
            json=json,
            params=params,
            headers=headers,
            cookies=cookies,
            auth=auth,
            follow_redirects=follow_redirects,
            timeout=timeout,
            extensions=extensions,
        )

/usr/local/lib/python3.12/site-packages/httpx/_client.py:1144: 
_ _ _ _ _ _ _ _ _ _ _ _ _ _ _ _ _ _ _ _ _ _ _ _ _ _ _ _ _ _ _ _ _ _ _ _ _ _ _ _ 

self = <starlette.testclient.TestClient object at 0x7fa6e297eba0>
method = 'POST', url = URL('http://testserver/api/v1/predictions')
content = None, data = None, files = None
json = {'team_id': 'c6a02263-3425-4946-a192-98d1ec97fb64', 'match_id': 'ac89900f-5ea9-4d92-8099-2734b7bdc741', 'submission_id...ty': 25.0, 'away_win_probability': 20.0}, 'clean_sheet_probability': {'home_team': 30.0, 'away_team': 15.0}, ...}, ...}
params = None
headers = {'Authorization': 'Bearer eyJhbGciOiJIUzI1NiIsInR5cCI6IkpXVCJ9.eyJzdWIiOiI5OGVhMWUzNy04NzZmLTQyYWItOWU4YS0yMjY2ZTI0ZTVmZjkiLCJyb2xlIjoiVEVBTV9MRUFERVIiLCJleHAiOjE3ODI3MjM1MjZ9.tzBpM-xMV2PeQ_Ay3_cmuU5LcyIYrwwQLS35tZ_ys8Q'}
cookies = None, auth = <httpx._client.UseClientDefault object at 0x7fa6e7158d40>
follow_redirects = <httpx._client.UseClientDefault object at 0x7fa6e7158d40>
timeout = <httpx._client.UseClientDefault object at 0x7fa6e7158d40>
extensions = None

    def request(  # type: ignore[override]
        self,
        method: str,
        url: httpx._types.URLTypes,
        *,
        content: httpx._types.RequestContent | None = None,
        data: _RequestData | None = None,
        files: httpx._types.RequestFiles | None = None,
        json: Any = None,
        params: httpx._types.QueryParamTypes | None = None,
        headers: httpx._types.HeaderTypes | None = None,
        cookies: httpx._types.CookieTypes | None = None,
        auth: httpx._types.AuthTypes | httpx._client.UseClientDefault = httpx._client.USE_CLIENT_DEFAULT,
        follow_redirects: bool | httpx._client.UseClientDefault = httpx._client.USE_CLIENT_DEFAULT,
        timeout: httpx._types.TimeoutTypes | httpx._client.UseClientDefault = httpx._client.USE_CLIENT_DEFAULT,
        extensions: dict[str, Any] | None = None,
    ) -> httpx.Response:
        if timeout is not httpx.USE_CLIENT_DEFAULT:
            warnings.warn(
                "You should not use the 'timeout' argument with the TestClient. "
                "See https://github.com/Kludex/starlette/issues/1108 for more information.",
                StarletteDeprecationWarning,
                stacklevel=2,
            )
        url = self._merge_url(url)
>       return super().request(
            method,
            url,
            content=content,
            data=data,
            files=files,
            json=json,
            params=params,
            headers=headers,
            cookies=cookies,
            auth=auth,
            follow_redirects=follow_redirects,
            timeout=timeout,
            extensions=extensions,
        )

/usr/local/lib/python3.12/site-packages/starlette/testclient.py:454: 
_ _ _ _ _ _ _ _ _ _ _ _ _ _ _ _ _ _ _ _ _ _ _ _ _ _ _ _ _ _ _ _ _ _ _ _ _ _ _ _ 

self = <starlette.testclient.TestClient object at 0x7fa6e297eba0>
method = 'POST', url = URL('http://testserver/api/v1/predictions')
content = None, data = None, files = None
json = {'team_id': 'c6a02263-3425-4946-a192-98d1ec97fb64', 'match_id': 'ac89900f-5ea9-4d92-8099-2734b7bdc741', 'submission_id...ty': 25.0, 'away_win_probability': 20.0}, 'clean_sheet_probability': {'home_team': 30.0, 'away_team': 15.0}, ...}, ...}
params = None
headers = {'Authorization': 'Bearer eyJhbGciOiJIUzI1NiIsInR5cCI6IkpXVCJ9.eyJzdWIiOiI5OGVhMWUzNy04NzZmLTQyYWItOWU4YS0yMjY2ZTI0ZTVmZjkiLCJyb2xlIjoiVEVBTV9MRUFERVIiLCJleHAiOjE3ODI3MjM1MjZ9.tzBpM-xMV2PeQ_Ay3_cmuU5LcyIYrwwQLS35tZ_ys8Q'}
cookies = None, auth = <httpx._client.UseClientDefault object at 0x7fa6e7158d40>
follow_redirects = <httpx._client.UseClientDefault object at 0x7fa6e7158d40>
timeout = <httpx._client.UseClientDefault object at 0x7fa6e7158d40>
extensions = None

    def request(
        self,
        method: str,
        url: URL | str,
        *,
        content: RequestContent | None = None,
        data: RequestData | None = None,
        files: RequestFiles | None = None,
        json: typing.Any | None = None,
        params: QueryParamTypes | None = None,
        headers: HeaderTypes | None = None,
        cookies: CookieTypes | None = None,
        auth: AuthTypes | UseClientDefault | None = USE_CLIENT_DEFAULT,
        follow_redirects: bool | UseClientDefault = USE_CLIENT_DEFAULT,
        timeout: TimeoutTypes | UseClientDefault = USE_CLIENT_DEFAULT,
        extensions: RequestExtensions | None = None,
    ) -> Response:
        """
        Build and send a request.
    
        Equivalent to:
    
        ```python
        request = client.build_request(...)
        response = client.send(request, ...)
        ```
    
        See `Client.build_request()`, `Client.send()` and
        [Merging of configuration][0] for how the various parameters
        are merged with client-level configuration.
    
        [0]: /advanced/clients/#merging-of-configuration
        """
        if cookies is not None:
            message = (
                "Setting per-request cookies=<...> is being deprecated, because "
                "the expected behaviour on cookie persistence is ambiguous. Set "
                "cookies directly on the client instance instead."
            )
            warnings.warn(message, DeprecationWarning, stacklevel=2)
    
        request = self.build_request(
            method=method,
            url=url,
            content=content,
            data=data,
            files=files,
            json=json,
            params=params,
            headers=headers,
            cookies=cookies,
            timeout=timeout,
            extensions=extensions,
        )
>       return self.send(request, auth=auth, follow_redirects=follow_redirects)
               ^^^^^^^^^^^^^^^^^^^^^^^^^^^^^^^^^^^^^^^^^^^^^^^^^^^^^^^^^^^^^^^^

/usr/local/lib/python3.12/site-packages/httpx/_client.py:825: 
_ _ _ _ _ _ _ _ _ _ _ _ _ _ _ _ _ _ _ _ _ _ _ _ _ _ _ _ _ _ _ _ _ _ _ _ _ _ _ _ 

self = <starlette.testclient.TestClient object at 0x7fa6e297eba0>
request = <Request('POST', 'http://testserver/api/v1/predictions')>
stream = False, auth = <httpx.Auth object at 0x7fa6e1ae2a50>
follow_redirects = True

    def send(
        self,
        request: Request,
        *,
        stream: bool = False,
        auth: AuthTypes | UseClientDefault | None = USE_CLIENT_DEFAULT,
        follow_redirects: bool | UseClientDefault = USE_CLIENT_DEFAULT,
    ) -> Response:
        """
        Send a request.
    
        The request is sent as-is, unmodified.
    
        Typically you'll want to build one with `Client.build_request()`
        so that any client-level configuration is merged into the request,
        but passing an explicit `httpx.Request()` is supported as well.
    
        See also: [Request instances][0]
    
        [0]: /advanced/clients/#request-instances
        """
        if self._state == ClientState.CLOSED:
            raise RuntimeError("Cannot send a request, as the client has been closed.")
    
        self._state = ClientState.OPENED
        follow_redirects = (
            self.follow_redirects
            if isinstance(follow_redirects, UseClientDefault)
            else follow_redirects
        )
    
        self._set_timeout(request)
    
        auth = self._build_request_auth(request, auth)
    
>       response = self._send_handling_auth(
            request,
            auth=auth,
            follow_redirects=follow_redirects,
            history=[],
        )

/usr/local/lib/python3.12/site-packages/httpx/_client.py:914: 
_ _ _ _ _ _ _ _ _ _ _ _ _ _ _ _ _ _ _ _ _ _ _ _ _ _ _ _ _ _ _ _ _ _ _ _ _ _ _ _ 

self = <starlette.testclient.TestClient object at 0x7fa6e297eba0>
request = <Request('POST', 'http://testserver/api/v1/predictions')>
auth = <httpx.Auth object at 0x7fa6e1ae2a50>, follow_redirects = True
history = []

    def _send_handling_auth(
        self,
        request: Request,
        auth: Auth,
        follow_redirects: bool,
        history: list[Response],
    ) -> Response:
        auth_flow = auth.sync_auth_flow(request)
        try:
            request = next(auth_flow)
    
            while True:
>               response = self._send_handling_redirects(
                    request,
                    follow_redirects=follow_redirects,
                    history=history,
                )

/usr/local/lib/python3.12/site-packages/httpx/_client.py:942: 
_ _ _ _ _ _ _ _ _ _ _ _ _ _ _ _ _ _ _ _ _ _ _ _ _ _ _ _ _ _ _ _ _ _ _ _ _ _ _ _ 

self = <starlette.testclient.TestClient object at 0x7fa6e297eba0>
request = <Request('POST', 'http://testserver/api/v1/predictions')>
follow_redirects = True, history = []

    def _send_handling_redirects(
        self,
        request: Request,
        follow_redirects: bool,
        history: list[Response],
    ) -> Response:
        while True:
            if len(history) > self.max_redirects:
                raise TooManyRedirects(
                    "Exceeded maximum allowed redirects.", request=request
                )
    
            for hook in self._event_hooks["request"]:
                hook(request)
    
>           response = self._send_single_request(request)
                       ^^^^^^^^^^^^^^^^^^^^^^^^^^^^^^^^^^

/usr/local/lib/python3.12/site-packages/httpx/_client.py:979: 
_ _ _ _ _ _ _ _ _ _ _ _ _ _ _ _ _ _ _ _ _ _ _ _ _ _ _ _ _ _ _ _ _ _ _ _ _ _ _ _ 

self = <starlette.testclient.TestClient object at 0x7fa6e297eba0>
request = <Request('POST', 'http://testserver/api/v1/predictions')>

    def _send_single_request(self, request: Request) -> Response:
        """
        Sends a single request, without handling any redirections.
        """
        transport = self._transport_for_url(request.url)
        start = time.perf_counter()
    
        if not isinstance(request.stream, SyncByteStream):
            raise RuntimeError(
                "Attempted to send an async request with a sync Client instance."
            )
    
        with request_context(request=request):
>           response = transport.handle_request(request)
                       ^^^^^^^^^^^^^^^^^^^^^^^^^^^^^^^^^

/usr/local/lib/python3.12/site-packages/httpx/_client.py:1014: 
_ _ _ _ _ _ _ _ _ _ _ _ _ _ _ _ _ _ _ _ _ _ _ _ _ _ _ _ _ _ _ _ _ _ _ _ _ _ _ _ 

self = <starlette.testclient._TestClientTransport object at 0x7fa6e297ea80>
request = <Request('POST', 'http://testserver/api/v1/predictions')>

    def handle_request(self, request: httpx.Request) -> httpx.Response:
        scheme = request.url.scheme
        netloc = request.url.netloc.decode(encoding="ascii")
        path = request.url.path
        raw_path = request.url.raw_path
        query = request.url.query.decode(encoding="ascii")
    
        default_port = {"http": 80, "ws": 80, "https": 443, "wss": 443}[scheme]
    
        if ":" in netloc:
            host, port_string = netloc.split(":", 1)
            port = int(port_string)
        else:
            host = netloc
            port = default_port
    
        # Include the 'host' header.
        if "host" in request.headers:
            headers: list[tuple[bytes, bytes]] = []
        elif port == default_port:  # pragma: no cover
            headers = [(b"host", host.encode())]
        else:  # pragma: no cover
            headers = [(b"host", (f"{host}:{port}").encode())]
    
        # Include other request headers.
        headers += [(key.lower().encode(), value.encode()) for key, value in request.headers.multi_items()]
    
        scope: dict[str, Any]
    
        if scheme in {"ws", "wss"}:
            subprotocol = request.headers.get("sec-websocket-protocol", None)
            if subprotocol is None:
                subprotocols: Sequence[str] = []
            else:
                subprotocols = [value.strip() for value in subprotocol.split(",")]
            scope = {
                "type": "websocket",
                "path": unquote(path),
                "raw_path": raw_path.split(b"?", 1)[0],
                "root_path": self.root_path,
                "scheme": scheme,
                "query_string": query.encode(),
                "headers": headers,
                "client": self.client,
                "server": [host, port],
                "subprotocols": subprotocols,
                "state": self.app_state.copy(),
                "extensions": {"websocket.http.response": {}},
            }
            session = WebSocketTestSession(self.app, scope, self.portal_factory)
            raise _Upgrade(session)
    
        scope = {
            "type": "http",
            "http_version": "1.1",
            "method": request.method,
            "path": unquote(path),
            "raw_path": raw_path.split(b"?", 1)[0],
            "root_path": self.root_path,
            "scheme": scheme,
            "query_string": query.encode(),
            "headers": headers,
            "client": self.client,
            "server": [host, port],
            "extensions": {"http.response.debug": {}},
            "state": self.app_state.copy(),
        }
    
        request_complete = False
        response_started = False
        response_complete: anyio.Event
        raw_kwargs: dict[str, Any] = {"stream": io.BytesIO()}
        template = None
        context = None
    
        async def receive() -> Message:
            nonlocal request_complete
    
            if request_complete:
                if not response_complete.is_set():
                    await response_complete.wait()
                return {"type": "http.disconnect"}
    
            body = request.read()
            if isinstance(body, str):
                body_bytes: bytes = body.encode("utf-8")  # pragma: no cover
            elif body is None:
                body_bytes = b""  # pragma: no cover
            elif isinstance(body, GeneratorType):
                try:  # pragma: no cover
                    chunk = body.send(None)
                    if isinstance(chunk, str):
                        chunk = chunk.encode("utf-8")
                    return {"type": "http.request", "body": chunk, "more_body": True}
                except StopIteration:  # pragma: no cover
                    request_complete = True
                    return {"type": "http.request", "body": b""}
            else:
                body_bytes = body
    
            request_complete = True
            return {"type": "http.request", "body": body_bytes}
    
        async def send(message: Message) -> None:
            nonlocal raw_kwargs, response_started, template, context
    
            if message["type"] == "http.response.start":
                assert not response_started, 'Received multiple "http.response.start" messages.'
                raw_kwargs["status_code"] = message["status"]
                raw_kwargs["headers"] = [(key.decode(), value.decode()) for key, value in message.get("headers", [])]
                response_started = True
            elif message["type"] == "http.response.body":
                assert response_started, 'Received "http.response.body" without "http.response.start".'
                assert not response_complete.is_set(), 'Received "http.response.body" after response completed.'
                body = message.get("body", b"")
                more_body = message.get("more_body", False)
                if request.method != "HEAD":
                    raw_kwargs["stream"].write(body)
                if not more_body:
                    raw_kwargs["stream"].seek(0)
                    response_complete.set()
            elif message["type"] == "http.response.debug":
                template = message["info"]["template"]
                context = message["info"]["context"]
    
        try:
            with self.portal_factory() as portal:
                response_complete = portal.call(anyio.Event)
                portal.call(self.app, scope, receive, send)
        except BaseException as exc:
            if self.raise_server_exceptions:
>               raise exc

/usr/local/lib/python3.12/site-packages/starlette/testclient.py:356: 
_ _ _ _ _ _ _ _ _ _ _ _ _ _ _ _ _ _ _ _ _ _ _ _ _ _ _ _ _ _ _ _ _ _ _ _ _ _ _ _ 

self = <starlette.testclient._TestClientTransport object at 0x7fa6e297ea80>
request = <Request('POST', 'http://testserver/api/v1/predictions')>

    def handle_request(self, request: httpx.Request) -> httpx.Response:
        scheme = request.url.scheme
        netloc = request.url.netloc.decode(encoding="ascii")
        path = request.url.path
        raw_path = request.url.raw_path
        query = request.url.query.decode(encoding="ascii")
    
        default_port = {"http": 80, "ws": 80, "https": 443, "wss": 443}[scheme]
    
        if ":" in netloc:
            host, port_string = netloc.split(":", 1)
            port = int(port_string)
        else:
            host = netloc
            port = default_port
    
        # Include the 'host' header.
        if "host" in request.headers:
            headers: list[tuple[bytes, bytes]] = []
        elif port == default_port:  # pragma: no cover
            headers = [(b"host", host.encode())]
        else:  # pragma: no cover
            headers = [(b"host", (f"{host}:{port}").encode())]
    
        # Include other request headers.
        headers += [(key.lower().encode(), value.encode()) for key, value in request.headers.multi_items()]
    
        scope: dict[str, Any]
    
        if scheme in {"ws", "wss"}:
            subprotocol = request.headers.get("sec-websocket-protocol", None)
            if subprotocol is None:
                subprotocols: Sequence[str] = []
            else:
                subprotocols = [value.strip() for value in subprotocol.split(",")]
            scope = {
                "type": "websocket",
                "path": unquote(path),
                "raw_path": raw_path.split(b"?", 1)[0],
                "root_path": self.root_path,
                "scheme": scheme,
                "query_string": query.encode(),
                "headers": headers,
                "client": self.client,
                "server": [host, port],
                "subprotocols": subprotocols,
                "state": self.app_state.copy(),
                "extensions": {"websocket.http.response": {}},
            }
            session = WebSocketTestSession(self.app, scope, self.portal_factory)
            raise _Upgrade(session)
    
        scope = {
            "type": "http",
            "http_version": "1.1",
            "method": request.method,
            "path": unquote(path),
            "raw_path": raw_path.split(b"?", 1)[0],
            "root_path": self.root_path,
            "scheme": scheme,
            "query_string": query.encode(),
            "headers": headers,
            "client": self.client,
            "server": [host, port],
            "extensions": {"http.response.debug": {}},
            "state": self.app_state.copy(),
        }
    
        request_complete = False
        response_started = False
        response_complete: anyio.Event
        raw_kwargs: dict[str, Any] = {"stream": io.BytesIO()}
        template = None
        context = None
    
        async def receive() -> Message:
            nonlocal request_complete
    
            if request_complete:
                if not response_complete.is_set():
                    await response_complete.wait()
                return {"type": "http.disconnect"}
    
            body = request.read()
            if isinstance(body, str):
                body_bytes: bytes = body.encode("utf-8")  # pragma: no cover
            elif body is None:
                body_bytes = b""  # pragma: no cover
            elif isinstance(body, GeneratorType):
                try:  # pragma: no cover
                    chunk = body.send(None)
                    if isinstance(chunk, str):
                        chunk = chunk.encode("utf-8")
                    return {"type": "http.request", "body": chunk, "more_body": True}
                except StopIteration:  # pragma: no cover
                    request_complete = True
                    return {"type": "http.request", "body": b""}
            else:
                body_bytes = body
    
            request_complete = True
            return {"type": "http.request", "body": body_bytes}
    
        async def send(message: Message) -> None:
            nonlocal raw_kwargs, response_started, template, context
    
            if message["type"] == "http.response.start":
                assert not response_started, 'Received multiple "http.response.start" messages.'
                raw_kwargs["status_code"] = message["status"]
                raw_kwargs["headers"] = [(key.decode(), value.decode()) for key, value in message.get("headers", [])]
                response_started = True
            elif message["type"] == "http.response.body":
                assert response_started, 'Received "http.response.body" without "http.response.start".'
                assert not response_complete.is_set(), 'Received "http.response.body" after response completed.'
                body = message.get("body", b"")
                more_body = message.get("more_body", False)
                if request.method != "HEAD":
                    raw_kwargs["stream"].write(body)
                if not more_body:
                    raw_kwargs["stream"].seek(0)
                    response_complete.set()
            elif message["type"] == "http.response.debug":
                template = message["info"]["template"]
                context = message["info"]["context"]
    
        try:
            with self.portal_factory() as portal:
                response_complete = portal.call(anyio.Event)
>               portal.call(self.app, scope, receive, send)

/usr/local/lib/python3.12/site-packages/starlette/testclient.py:353: 
_ _ _ _ _ _ _ _ _ _ _ _ _ _ _ _ _ _ _ _ _ _ _ _ _ _ _ _ _ _ _ _ _ _ _ _ _ _ _ _ 

self = <anyio.from_thread.BlockingPortal object at 0x7fa6e29ac0e0>
func = <fastapi.applications.FastAPI object at 0x7fa6e2dd8140>
args = ({'type': 'http', 'http_version': '1.1', 'method': 'POST', 'path': '/api/v1/predictions', ...}, <function _TestClientT...st.<locals>.receive at 0x7fa6e1b2e980>, <function _TestClientTransport.handle_request.<locals>.send at 0x7fa6e1b2ea20>)

    def call(
        self,
        func: Callable[[Unpack[PosArgsT]], Awaitable[T_Retval] | T_Retval],
        *args: Unpack[PosArgsT],
    ) -> T_Retval:
        """
        Call the given function in the event loop thread.
    
        If the callable returns a coroutine object, it is awaited on.
    
        :param func: any callable
        :raises RuntimeError: if the portal is not running or if this method is called
            from within the event loop thread
    
        """
>       return cast(T_Retval, self.start_task_soon(func, *args).result())
                              ^^^^^^^^^^^^^^^^^^^^^^^^^^^^^^^^^^^^^^^^^^

/usr/local/lib/python3.12/site-packages/anyio/from_thread.py:338: 
_ _ _ _ _ _ _ _ _ _ _ _ _ _ _ _ _ _ _ _ _ _ _ _ _ _ _ _ _ _ _ _ _ _ _ _ _ _ _ _ 

self = None, timeout = None

    def result(self, timeout=None):
        """Return the result of the call that the future represents.
    
        Args:
            timeout: The number of seconds to wait for the result if the future
                isn't done. If None, then there is no limit on the wait time.
    
        Returns:
            The result of the call that the future represents.
    
        Raises:
            CancelledError: If the future was cancelled.
            TimeoutError: If the future didn't finish executing before the given
                timeout.
            Exception: If the call raised then that exception will be raised.
        """
        try:
            with self._condition:
                if self._state in [CANCELLED, CANCELLED_AND_NOTIFIED]:
                    raise CancelledError()
                elif self._state == FINISHED:
                    return self.__get_result()
    
                self._condition.wait(timeout)
    
                if self._state in [CANCELLED, CANCELLED_AND_NOTIFIED]:
                    raise CancelledError()
                elif self._state == FINISHED:
>                   return self.__get_result()
                           ^^^^^^^^^^^^^^^^^^^

/usr/local/lib/python3.12/concurrent/futures/_base.py:456: 
_ _ _ _ _ _ _ _ _ _ _ _ _ _ _ _ _ _ _ _ _ _ _ _ _ _ _ _ _ _ _ _ _ _ _ _ _ _ _ _ 

self = None

    def __get_result(self):
        if self._exception:
            try:
>               raise self._exception

/usr/local/lib/python3.12/concurrent/futures/_base.py:401: 
_ _ _ _ _ _ _ _ _ _ _ _ _ _ _ _ _ _ _ _ _ _ _ _ _ _ _ _ _ _ _ _ _ _ _ _ _ _ _ _ 

self = <anyio.from_thread.BlockingPortal object at 0x7fa6e29ac0e0>
func = <fastapi.applications.FastAPI object at 0x7fa6e2dd8140>
args = ({'type': 'http', 'http_version': '1.1', 'method': 'POST', 'path': '/api/v1/predictions', ...}, <function _TestClientT...st.<locals>.receive at 0x7fa6e1b2e980>, <function _TestClientTransport.handle_request.<locals>.send at 0x7fa6e1b2ea20>)
kwargs = {}
future = <Future at 0x7fa6e23ed100 state=finished raised StatementError>

    async def _call_func(
        self,
        func: Callable[[Unpack[PosArgsT]], Awaitable[T_Retval] | T_Retval],
        args: tuple[Unpack[PosArgsT]],
        kwargs: dict[str, Any],
        future: Future[T_Retval],
    ) -> None:
        event_loop_thread_id = self._event_loop_thread_id
    
        def callback(f: Future[T_Retval]) -> None:
            if f.cancelled():
                if event_loop_thread_id == get_ident():
                    scope.cancel("the future was cancelled")
                elif event_loop_thread_id is not None:
                    run_sync(
                        scope.cancel, "the future was cancelled", token=self._token
                    )
    
        try:
            retval_or_awaitable = func(*args, **kwargs)
            if isawaitable(retval_or_awaitable):
                with CancelScope() as scope:
                    future.add_done_callback(callback)
>                   retval = await retval_or_awaitable
                             ^^^^^^^^^^^^^^^^^^^^^^^^^

/usr/local/lib/python3.12/site-packages/anyio/from_thread.py:263: 
_ _ _ _ _ _ _ _ _ _ _ _ _ _ _ _ _ _ _ _ _ _ _ _ _ _ _ _ _ _ _ _ _ _ _ _ _ _ _ _ 

self = <fastapi.applications.FastAPI object at 0x7fa6e2dd8140>
scope = {'type': 'http', 'http_version': '1.1', 'method': 'POST', 'path': '/api/v1/predictions', ...}
receive = <function _TestClientTransport.handle_request.<locals>.receive at 0x7fa6e1b2e980>
send = <function _TestClientTransport.handle_request.<locals>.send at 0x7fa6e1b2ea20>

    async def __call__(self, scope: Scope, receive: Receive, send: Send) -> None:
        if self.root_path:
            scope["root_path"] = self.root_path
>       await super().__call__(scope, receive, send)

/usr/local/lib/python3.12/site-packages/fastapi/applications.py:1163: 
_ _ _ _ _ _ _ _ _ _ _ _ _ _ _ _ _ _ _ _ _ _ _ _ _ _ _ _ _ _ _ _ _ _ _ _ _ _ _ _ 

self = <fastapi.applications.FastAPI object at 0x7fa6e2dd8140>
scope = {'type': 'http', 'http_version': '1.1', 'method': 'POST', 'path': '/api/v1/predictions', ...}
receive = <function _TestClientTransport.handle_request.<locals>.receive at 0x7fa6e1b2e980>
send = <function _TestClientTransport.handle_request.<locals>.send at 0x7fa6e1b2ea20>

    async def __call__(self, scope: Scope, receive: Receive, send: Send) -> None:
        scope["app"] = self
        if self.middleware_stack is None:
            self.middleware_stack = self.build_middleware_stack()
>       await self.middleware_stack(scope, receive, send)

/usr/local/lib/python3.12/site-packages/starlette/applications.py:90: 
_ _ _ _ _ _ _ _ _ _ _ _ _ _ _ _ _ _ _ _ _ _ _ _ _ _ _ _ _ _ _ _ _ _ _ _ _ _ _ _ 

self = <starlette.middleware.errors.ServerErrorMiddleware object at 0x7fa6e23cadb0>
scope = {'type': 'http', 'http_version': '1.1', 'method': 'POST', 'path': '/api/v1/predictions', ...}
receive = <function _TestClientTransport.handle_request.<locals>.receive at 0x7fa6e1b2e980>
send = <function _TestClientTransport.handle_request.<locals>.send at 0x7fa6e1b2ea20>

    async def __call__(self, scope: Scope, receive: Receive, send: Send) -> None:
        if scope["type"] != "http":
            await self.app(scope, receive, send)
            return
    
        response_started = False
    
        async def _send(message: Message) -> None:
            nonlocal response_started, send
    
            if message["type"] == "http.response.start":
                response_started = True
            await send(message)
    
        try:
            await self.app(scope, receive, _send)
        except Exception as exc:
            request = Request(scope)
            if self.debug:
                # In debug mode, return traceback responses.
                response = self.debug_response(request, exc)
            elif self.handler is None:
                # Use our default 500 error handler.
                response = self.error_response(request, exc)
            else:
                # Use an installed 500 error handler.
                if is_async_callable(self.handler):
                    response = await self.handler(request, exc)  # type: ignore[assignment, arg-type]
                else:
                    response = await run_in_threadpool(self.handler, request, exc)  # type: ignore[arg-type]
    
            if not response_started:
                await response(scope, receive, send)
    
            # We always continue to raise the exception.
            # This allows servers to log the error, or allows test clients
            # to optionally raise the error within the test case.
>           raise exc

/usr/local/lib/python3.12/site-packages/starlette/middleware/errors.py:186: 
_ _ _ _ _ _ _ _ _ _ _ _ _ _ _ _ _ _ _ _ _ _ _ _ _ _ _ _ _ _ _ _ _ _ _ _ _ _ _ _ 

self = <starlette.middleware.errors.ServerErrorMiddleware object at 0x7fa6e23cadb0>
scope = {'type': 'http', 'http_version': '1.1', 'method': 'POST', 'path': '/api/v1/predictions', ...}
receive = <function _TestClientTransport.handle_request.<locals>.receive at 0x7fa6e1b2e980>
send = <function _TestClientTransport.handle_request.<locals>.send at 0x7fa6e1b2ea20>

    async def __call__(self, scope: Scope, receive: Receive, send: Send) -> None:
        if scope["type"] != "http":
            await self.app(scope, receive, send)
            return
    
        response_started = False
    
        async def _send(message: Message) -> None:
            nonlocal response_started, send
    
            if message["type"] == "http.response.start":
                response_started = True
            await send(message)
    
        try:
>           await self.app(scope, receive, _send)

/usr/local/lib/python3.12/site-packages/starlette/middleware/errors.py:164: 
_ _ _ _ _ _ _ _ _ _ _ _ _ _ _ _ _ _ _ _ _ _ _ _ _ _ _ _ _ _ _ _ _ _ _ _ _ _ _ _ 

self = <starlette.middleware.cors.CORSMiddleware object at 0x7fa6e23cad80>
scope = {'type': 'http', 'http_version': '1.1', 'method': 'POST', 'path': '/api/v1/predictions', ...}
receive = <function _TestClientTransport.handle_request.<locals>.receive at 0x7fa6e1b2e980>
send = <function ServerErrorMiddleware.__call__.<locals>._send at 0x7fa6e1b2eca0>

    async def __call__(self, scope: Scope, receive: Receive, send: Send) -> None:
        if scope["type"] != "http":  # pragma: no cover
            await self.app(scope, receive, send)
            return
    
        method = scope["method"]
        headers = Headers(scope=scope)
        origin = headers.get("origin")
    
        if origin is None:
>           await self.app(scope, receive, send)

/usr/local/lib/python3.12/site-packages/starlette/middleware/cors.py:88: 
_ _ _ _ _ _ _ _ _ _ _ _ _ _ _ _ _ _ _ _ _ _ _ _ _ _ _ _ _ _ _ _ _ _ _ _ _ _ _ _ 

self = <starlette.middleware.exceptions.ExceptionMiddleware object at 0x7fa6e23cad50>
scope = {'type': 'http', 'http_version': '1.1', 'method': 'POST', 'path': '/api/v1/predictions', ...}
receive = <function _TestClientTransport.handle_request.<locals>.receive at 0x7fa6e1b2e980>
send = <function ServerErrorMiddleware.__call__.<locals>._send at 0x7fa6e1b2eca0>

    async def __call__(self, scope: Scope, receive: Receive, send: Send) -> None:
        if scope["type"] not in ("http", "websocket"):
            await self.app(scope, receive, send)
            return
    
        scope["starlette.exception_handlers"] = (
            self._exception_handlers,
            self._status_handlers,
        )
    
        conn: Request | WebSocket
        if scope["type"] == "http":
            conn = Request(scope, receive, send)
        else:
            conn = WebSocket(scope, receive, send)
    
>       await wrap_app_handling_exceptions(self.app, conn)(scope, receive, send)

/usr/local/lib/python3.12/site-packages/starlette/middleware/exceptions.py:63: 
_ _ _ _ _ _ _ _ _ _ _ _ _ _ _ _ _ _ _ _ _ _ _ _ _ _ _ _ _ _ _ _ _ _ _ _ _ _ _ _ 

scope = {'type': 'http', 'http_version': '1.1', 'method': 'POST', 'path': '/api/v1/predictions', ...}
receive = <function _TestClientTransport.handle_request.<locals>.receive at 0x7fa6e1b2e980>
send = <function ServerErrorMiddleware.__call__.<locals>._send at 0x7fa6e1b2eca0>

    async def wrapped_app(scope: Scope, receive: Receive, send: Send) -> None:
        response_started = False
    
        async def sender(message: Message) -> None:
            nonlocal response_started
    
            if message["type"] == "http.response.start":
                response_started = True
            await send(message)
    
        try:
            await app(scope, receive, sender)
        except Exception as exc:
            handler = None
    
            if isinstance(exc, HTTPException):
                handler = status_handlers.get(exc.status_code)
    
            if handler is None:
                handler = _lookup_exception_handler(exception_handlers, exc)
    
            if handler is None:
>               raise exc

/usr/local/lib/python3.12/site-packages/starlette/_exception_handler.py:53: 
_ _ _ _ _ _ _ _ _ _ _ _ _ _ _ _ _ _ _ _ _ _ _ _ _ _ _ _ _ _ _ _ _ _ _ _ _ _ _ _ 

scope = {'type': 'http', 'http_version': '1.1', 'method': 'POST', 'path': '/api/v1/predictions', ...}
receive = <function _TestClientTransport.handle_request.<locals>.receive at 0x7fa6e1b2e980>
send = <function ServerErrorMiddleware.__call__.<locals>._send at 0x7fa6e1b2eca0>

    async def wrapped_app(scope: Scope, receive: Receive, send: Send) -> None:
        response_started = False
    
        async def sender(message: Message) -> None:
            nonlocal response_started
    
            if message["type"] == "http.response.start":
                response_started = True
            await send(message)
    
        try:
>           await app(scope, receive, sender)

/usr/local/lib/python3.12/site-packages/starlette/_exception_handler.py:42: 
_ _ _ _ _ _ _ _ _ _ _ _ _ _ _ _ _ _ _ _ _ _ _ _ _ _ _ _ _ _ _ _ _ _ _ _ _ _ _ _ 

self = <fastapi.middleware.asyncexitstack.AsyncExitStackMiddleware object at 0x7fa6e23cad20>
scope = {'type': 'http', 'http_version': '1.1', 'method': 'POST', 'path': '/api/v1/predictions', ...}
receive = <function _TestClientTransport.handle_request.<locals>.receive at 0x7fa6e1b2e980>
send = <function wrap_app_handling_exceptions.<locals>.wrapped_app.<locals>.sender at 0x7fa6e1b2ede0>

    async def __call__(self, scope: Scope, receive: Receive, send: Send) -> None:
        async with AsyncExitStack() as stack:
            scope[self.context_name] = stack
>           await self.app(scope, receive, send)

/usr/local/lib/python3.12/site-packages/fastapi/middleware/asyncexitstack.py:18: 
_ _ _ _ _ _ _ _ _ _ _ _ _ _ _ _ _ _ _ _ _ _ _ _ _ _ _ _ _ _ _ _ _ _ _ _ _ _ _ _ 

self = <fastapi.routing.APIRouter object at 0x7fa6e2dd89b0>
scope = {'type': 'http', 'http_version': '1.1', 'method': 'POST', 'path': '/api/v1/predictions', ...}
receive = <function _TestClientTransport.handle_request.<locals>.receive at 0x7fa6e1b2e980>
send = <function wrap_app_handling_exceptions.<locals>.wrapped_app.<locals>.sender at 0x7fa6e1b2ede0>

    async def __call__(self, scope: Scope, receive: Receive, send: Send) -> None:
        """
        The main entry point to the Router class.
        """
>       await self.middleware_stack(scope, receive, send)

/usr/local/lib/python3.12/site-packages/starlette/routing.py:660: 
_ _ _ _ _ _ _ _ _ _ _ _ _ _ _ _ _ _ _ _ _ _ _ _ _ _ _ _ _ _ _ _ _ _ _ _ _ _ _ _ 

self = <fastapi.routing.APIRouter object at 0x7fa6e2dd89b0>
scope = {'type': 'http', 'http_version': '1.1', 'method': 'POST', 'path': '/api/v1/predictions', ...}
receive = <function _TestClientTransport.handle_request.<locals>.receive at 0x7fa6e1b2e980>
send = <function wrap_app_handling_exceptions.<locals>.wrapped_app.<locals>.sender at 0x7fa6e1b2ede0>

    async def app(self, scope: Scope, receive: Receive, send: Send) -> None:
        assert scope["type"] in ("http", "websocket", "lifespan")
    
        if "router" not in scope:
            scope["router"] = self
    
        if scope["type"] == "lifespan":
            await self.lifespan(scope, receive, send)
            return
    
        partial: tuple[BaseRoute, Scope] | None = None
        for route in self.routes:
            match, child_scope = route.matches(scope)
            if match == Match.FULL:
                scope.update(child_scope)
>               await route.handle(scope, receive, send)

/usr/local/lib/python3.12/site-packages/fastapi/routing.py:2531: 
_ _ _ _ _ _ _ _ _ _ _ _ _ _ _ _ _ _ _ _ _ _ _ _ _ _ _ _ _ _ _ _ _ _ _ _ _ _ _ _ 

self = _IncludedRouter(original_router=<fastapi.routing.APIRouter object at 0x7fa6e3586090>, include_context=_RouterIncludeCo...e)], _effective_candidates_version=109, _effective_low_priority_routes=[], _effective_low_priority_routes_version=None)
scope = {'type': 'http', 'http_version': '1.1', 'method': 'POST', 'path': '/api/v1/predictions', ...}
receive = <function _TestClientTransport.handle_request.<locals>.receive at 0x7fa6e1b2e980>
send = <function wrap_app_handling_exceptions.<locals>.wrapped_app.<locals>.sender at 0x7fa6e1b2ede0>

    async def handle(self, scope: Scope, receive: Receive, send: Send) -> None:
        _get_fastapi_scope(scope)[_FASTAPI_INCLUDED_ROUTER_KEY] = self
>       await self.original_router.handle(scope, receive, send)

/usr/local/lib/python3.12/site-packages/fastapi/routing.py:1700: 
_ _ _ _ _ _ _ _ _ _ _ _ _ _ _ _ _ _ _ _ _ _ _ _ _ _ _ _ _ _ _ _ _ _ _ _ _ _ _ _ 

self = <fastapi.routing.APIRouter object at 0x7fa6e3586090>
scope = {'type': 'http', 'http_version': '1.1', 'method': 'POST', 'path': '/api/v1/predictions', ...}
receive = <function _TestClientTransport.handle_request.<locals>.receive at 0x7fa6e1b2e980>
send = <function wrap_app_handling_exceptions.<locals>.wrapped_app.<locals>.sender at 0x7fa6e1b2ede0>

    async def handle(self, scope: Scope, receive: Receive, send: Send) -> None:
        included_router = _get_scope_included_router(scope)
        if (
            isinstance(included_router, _IncludedRouter)
            and included_router.original_router is self
        ):
>           await included_router._handle_selected(scope, receive, send)

/usr/local/lib/python3.12/site-packages/fastapi/routing.py:2586: 
_ _ _ _ _ _ _ _ _ _ _ _ _ _ _ _ _ _ _ _ _ _ _ _ _ _ _ _ _ _ _ _ _ _ _ _ _ _ _ _ 

self = _IncludedRouter(original_router=<fastapi.routing.APIRouter object at 0x7fa6e3586090>, include_context=_RouterIncludeCo...e)], _effective_candidates_version=109, _effective_low_priority_routes=[], _effective_low_priority_routes_version=None)
scope = {'type': 'http', 'http_version': '1.1', 'method': 'POST', 'path': '/api/v1/predictions', ...}
receive = <function _TestClientTransport.handle_request.<locals>.receive at 0x7fa6e1b2e980>
send = <function wrap_app_handling_exceptions.<locals>.wrapped_app.<locals>.sender at 0x7fa6e1b2ede0>

    async def _handle_selected(
        self, scope: Scope, receive: Receive, send: Send
    ) -> None:
        match, child_scope, route, effective_context = self._match(scope)
        if match == Match.NONE or route is None:
            await self.original_router.default(scope, receive, send)
            return
        scope.update(child_scope)
        if isinstance(route, _IncludedRouter):
>           await route.handle(scope, receive, send)

/usr/local/lib/python3.12/site-packages/fastapi/routing.py:1711: 
_ _ _ _ _ _ _ _ _ _ _ _ _ _ _ _ _ _ _ _ _ _ _ _ _ _ _ _ _ _ _ _ _ _ _ _ _ _ _ _ 

self = _IncludedRouter(original_router=<fastapi.routing.APIRouter object at 0x7fa6e55ac680>, include_context=_RouterIncludeCo...lse)], _effective_candidates_version=2, _effective_low_priority_routes=[], _effective_low_priority_routes_version=None)
scope = {'type': 'http', 'http_version': '1.1', 'method': 'POST', 'path': '/api/v1/predictions', ...}
receive = <function _TestClientTransport.handle_request.<locals>.receive at 0x7fa6e1b2e980>
send = <function wrap_app_handling_exceptions.<locals>.wrapped_app.<locals>.sender at 0x7fa6e1b2ede0>

    async def handle(self, scope: Scope, receive: Receive, send: Send) -> None:
        _get_fastapi_scope(scope)[_FASTAPI_INCLUDED_ROUTER_KEY] = self
>       await self.original_router.handle(scope, receive, send)

/usr/local/lib/python3.12/site-packages/fastapi/routing.py:1700: 
_ _ _ _ _ _ _ _ _ _ _ _ _ _ _ _ _ _ _ _ _ _ _ _ _ _ _ _ _ _ _ _ _ _ _ _ _ _ _ _ 

self = <fastapi.routing.APIRouter object at 0x7fa6e55ac680>
scope = {'type': 'http', 'http_version': '1.1', 'method': 'POST', 'path': '/api/v1/predictions', ...}
receive = <function _TestClientTransport.handle_request.<locals>.receive at 0x7fa6e1b2e980>
send = <function wrap_app_handling_exceptions.<locals>.wrapped_app.<locals>.sender at 0x7fa6e1b2ede0>

    async def handle(self, scope: Scope, receive: Receive, send: Send) -> None:
        included_router = _get_scope_included_router(scope)
        if (
            isinstance(included_router, _IncludedRouter)
            and included_router.original_router is self
        ):
>           await included_router._handle_selected(scope, receive, send)

/usr/local/lib/python3.12/site-packages/fastapi/routing.py:2586: 
_ _ _ _ _ _ _ _ _ _ _ _ _ _ _ _ _ _ _ _ _ _ _ _ _ _ _ _ _ _ _ _ _ _ _ _ _ _ _ _ 

self = _IncludedRouter(original_router=<fastapi.routing.APIRouter object at 0x7fa6e55ac680>, include_context=_RouterIncludeCo...lse)], _effective_candidates_version=2, _effective_low_priority_routes=[], _effective_low_priority_routes_version=None)
scope = {'type': 'http', 'http_version': '1.1', 'method': 'POST', 'path': '/api/v1/predictions', ...}
receive = <function _TestClientTransport.handle_request.<locals>.receive at 0x7fa6e1b2e980>
send = <function wrap_app_handling_exceptions.<locals>.wrapped_app.<locals>.sender at 0x7fa6e1b2ede0>

    async def _handle_selected(
        self, scope: Scope, receive: Receive, send: Send
    ) -> None:
        match, child_scope, route, effective_context = self._match(scope)
        if match == Match.NONE or route is None:
            await self.original_router.default(scope, receive, send)
            return
        scope.update(child_scope)
        if isinstance(route, _IncludedRouter):
            await route.handle(scope, receive, send)
            return
        if effective_context is not None:
            _get_fastapi_scope(scope)[_FASTAPI_EFFECTIVE_ROUTE_CONTEXT_KEY] = (
                effective_context
            )
            original_route = effective_context.original_route
            if isinstance(original_route, APIRoute):
                scope["route"] = original_route
>               await original_route.handle(scope, receive, send)

/usr/local/lib/python3.12/site-packages/fastapi/routing.py:1720: 
_ _ _ _ _ _ _ _ _ _ _ _ _ _ _ _ _ _ _ _ _ _ _ _ _ _ _ _ _ _ _ _ _ _ _ _ _ _ _ _ 

self = APIRoute(path='/predictions', name='submit_prediction', methods=['POST'])
scope = {'type': 'http', 'http_version': '1.1', 'method': 'POST', 'path': '/api/v1/predictions', ...}
receive = <function _TestClientTransport.handle_request.<locals>.receive at 0x7fa6e1b2e980>
send = <function wrap_app_handling_exceptions.<locals>.wrapped_app.<locals>.sender at 0x7fa6e1b2ede0>

    async def handle(self, scope: Scope, receive: Receive, send: Send) -> None:
        effective_context = _get_scope_effective_route_context(scope)
        if effective_context is not None and effective_context.original_route is self:
            methods = effective_context.methods
            if methods and scope["method"] not in methods:
                headers = {"Allow": ", ".join(methods)}
                if "app" in scope:
                    raise HTTPException(status_code=405, headers=headers)
                response = PlainTextResponse(
                    "Method Not Allowed", status_code=405, headers=headers
                )
                await response(scope, receive, send)
                return
            token = _effective_route_context_var.set(effective_context)
            try:
                app = request_response(self.get_route_handler())
            finally:
                _effective_route_context_var.reset(token)
>           await app(scope, receive, send)

/usr/local/lib/python3.12/site-packages/fastapi/routing.py:1239: 
_ _ _ _ _ _ _ _ _ _ _ _ _ _ _ _ _ _ _ _ _ _ _ _ _ _ _ _ _ _ _ _ _ _ _ _ _ _ _ _ 

scope = {'type': 'http', 'http_version': '1.1', 'method': 'POST', 'path': '/api/v1/predictions', ...}
receive = <function _TestClientTransport.handle_request.<locals>.receive at 0x7fa6e1b2e980>
send = <function wrap_app_handling_exceptions.<locals>.wrapped_app.<locals>.sender at 0x7fa6e1b2ede0>

    async def app(scope: Scope, receive: Receive, send: Send) -> None:
        request = Request(scope, receive, send)
    
        async def app(scope: Scope, receive: Receive, send: Send) -> None:
            # Starts customization
            response_awaited = False
            async with AsyncExitStack() as request_stack:
                scope["fastapi_inner_astack"] = request_stack
                async with AsyncExitStack() as function_stack:
                    scope["fastapi_function_astack"] = function_stack
                    response = await f(request)
                await response(scope, receive, send)
                # Continues customization
                response_awaited = True
            if not response_awaited:
                raise FastAPIError(
                    "Response not awaited. There's a high chance that the "
                    "application code is raising an exception and a dependency with yield "
                    "has a block with a bare except, or a block with except Exception, "
                    "and is not raising the exception again. Read more about it in the "
                    "docs: https://fastapi.tiangolo.com/tutorial/dependencies/dependencies-with-yield/#dependencies-with-yield-and-except"
                )
    
        # Same as in Starlette
>       await wrap_app_handling_exceptions(app, request)(scope, receive, send)

/usr/local/lib/python3.12/site-packages/fastapi/routing.py:150: 
_ _ _ _ _ _ _ _ _ _ _ _ _ _ _ _ _ _ _ _ _ _ _ _ _ _ _ _ _ _ _ _ _ _ _ _ _ _ _ _ 

scope = {'type': 'http', 'http_version': '1.1', 'method': 'POST', 'path': '/api/v1/predictions', ...}
receive = <function _TestClientTransport.handle_request.<locals>.receive at 0x7fa6e1b2e980>
send = <function wrap_app_handling_exceptions.<locals>.wrapped_app.<locals>.sender at 0x7fa6e1b2ede0>

    async def wrapped_app(scope: Scope, receive: Receive, send: Send) -> None:
        response_started = False
    
        async def sender(message: Message) -> None:
            nonlocal response_started
    
            if message["type"] == "http.response.start":
                response_started = True
            await send(message)
    
        try:
            await app(scope, receive, sender)
        except Exception as exc:
            handler = None
    
            if isinstance(exc, HTTPException):
                handler = status_handlers.get(exc.status_code)
    
            if handler is None:
                handler = _lookup_exception_handler(exception_handlers, exc)
    
            if handler is None:
>               raise exc

/usr/local/lib/python3.12/site-packages/starlette/_exception_handler.py:53: 
_ _ _ _ _ _ _ _ _ _ _ _ _ _ _ _ _ _ _ _ _ _ _ _ _ _ _ _ _ _ _ _ _ _ _ _ _ _ _ _ 

scope = {'type': 'http', 'http_version': '1.1', 'method': 'POST', 'path': '/api/v1/predictions', ...}
receive = <function _TestClientTransport.handle_request.<locals>.receive at 0x7fa6e1b2e980>
send = <function wrap_app_handling_exceptions.<locals>.wrapped_app.<locals>.sender at 0x7fa6e1b2ede0>

    async def wrapped_app(scope: Scope, receive: Receive, send: Send) -> None:
        response_started = False
    
        async def sender(message: Message) -> None:
            nonlocal response_started
    
            if message["type"] == "http.response.start":
                response_started = True
            await send(message)
    
        try:
>           await app(scope, receive, sender)

/usr/local/lib/python3.12/site-packages/starlette/_exception_handler.py:42: 
_ _ _ _ _ _ _ _ _ _ _ _ _ _ _ _ _ _ _ _ _ _ _ _ _ _ _ _ _ _ _ _ _ _ _ _ _ _ _ _ 

scope = {'type': 'http', 'http_version': '1.1', 'method': 'POST', 'path': '/api/v1/predictions', ...}
receive = <function _TestClientTransport.handle_request.<locals>.receive at 0x7fa6e1b2e980>
send = <function wrap_app_handling_exceptions.<locals>.wrapped_app.<locals>.sender at 0x7fa6e1b2f100>

    async def app(scope: Scope, receive: Receive, send: Send) -> None:
        # Starts customization
        response_awaited = False
        async with AsyncExitStack() as request_stack:
            scope["fastapi_inner_astack"] = request_stack
            async with AsyncExitStack() as function_stack:
                scope["fastapi_function_astack"] = function_stack
>               response = await f(request)
                           ^^^^^^^^^^^^^^^^

/usr/local/lib/python3.12/site-packages/fastapi/routing.py:136: 
_ _ _ _ _ _ _ _ _ _ _ _ _ _ _ _ _ _ _ _ _ _ _ _ _ _ _ _ _ _ _ _ _ _ _ _ _ _ _ _ 

request = <starlette.requests.Request object at 0x7fa6e1b4c9e0>

    async def app(request: Request) -> Response:
        response: Response | None = None
        file_stack = request.scope.get("fastapi_middleware_astack")
        assert isinstance(file_stack, AsyncExitStack), (
            "fastapi_middleware_astack not found in request scope"
        )
    
        # Extract endpoint context for error messages
        endpoint_ctx = (
            _extract_endpoint_context(dependant.call)
            if dependant.call
            else EndpointContext()
        )
    
        if dependant.path:
            # For mounted sub-apps, include the mount path prefix
            mount_path = request.scope.get("root_path", "").rstrip("/")
            endpoint_ctx["path"] = f"{request.method} {mount_path}{dependant.path}"
    
        # Read body and auto-close files
        try:
            body: Any = None
            if body_field:
                if is_body_form:
                    body = await request.form()
                    file_stack.push_async_callback(body.close)
                else:
                    body_bytes = await request.body()
                    if body_bytes:
                        json_body: Any = Undefined
                        content_type_value = request.headers.get("content-type")
                        if not content_type_value:
                            if not actual_strict_content_type:
                                json_body = await request.json()
                        else:
                            message = email.message.Message()
                            message["content-type"] = content_type_value
                            if message.get_content_maintype() == "application":
                                subtype = message.get_content_subtype()
                                if subtype == "json" or subtype.endswith("+json"):
                                    json_body = await request.json()
                        if json_body != Undefined:
                            body = json_body
                        else:
                            body = body_bytes
        except json.JSONDecodeError as e:
            validation_error = RequestValidationError(
                [
                    {
                        "type": "json_invalid",
                        "loc": ("body", e.pos),
                        "msg": "JSON decode error",
                        "input": {},
                        "ctx": {"error": e.msg},
                    }
                ],
                body=e.doc,
                endpoint_ctx=endpoint_ctx,
            )
            raise validation_error from e
        except HTTPException:
            # If a middleware raises an HTTPException, it should be raised again
            raise
        except Exception as e:
            http_error = HTTPException(
                status_code=400, detail="There was an error parsing the body"
            )
            raise http_error from e
    
        # Solve dependencies and run path operation function, auto-closing dependencies
        errors: list[Any] = []
        async_exit_stack = request.scope.get("fastapi_inner_astack")
        assert isinstance(async_exit_stack, AsyncExitStack), (
            "fastapi_inner_astack not found in request scope"
        )
        solved_result = await solve_dependencies(
            request=request,
            dependant=dependant,
            body=cast(dict[str, Any] | FormData | bytes | None, body),
            dependency_overrides_provider=dependency_overrides_provider,
            async_exit_stack=async_exit_stack,
            embed_body_fields=embed_body_fields,
        )
        errors = solved_result.errors
        assert dependant.call  # For types
        if not errors:
            # Shared serializer for stream items (JSONL and SSE).
            # Validates against stream_item_field when set, then
            # serializes to JSON bytes.
            def _serialize_data(data: Any) -> bytes:
                if stream_item_field:
                    value, errors_ = stream_item_field.validate(
                        data, {}, loc=("response",)
                    )
                    if errors_:
                        ctx = endpoint_ctx or EndpointContext()
                        raise ResponseValidationError(
                            errors=errors_,
                            body=data,
                            endpoint_ctx=ctx,
                        )
                    return stream_item_field.serialize_json(
                        value,
                        include=response_model_include,
                        exclude=response_model_exclude,
                        by_alias=response_model_by_alias,
                        exclude_unset=response_model_exclude_unset,
                        exclude_defaults=response_model_exclude_defaults,
                        exclude_none=response_model_exclude_none,
                    )
                else:
                    data = jsonable_encoder(data)
                    return json.dumps(data).encode("utf-8")
    
            if is_sse_stream:
                # Generator endpoint: stream as Server-Sent Events
                gen = dependant.call(**solved_result.values)
    
                def _serialize_sse_item(item: Any) -> bytes:
                    if isinstance(item, ServerSentEvent):
                        # User controls the event structure.
                        # Serialize the data payload if present.
                        # For ServerSentEvent items we skip stream_item_field
                        # validation (the user may mix types intentionally).
                        if item.raw_data is not None:
                            data_str: str | None = item.raw_data
                        elif item.data is not None:
                            if hasattr(item.data, "model_dump_json"):
                                data_str = item.data.model_dump_json()
                            else:
                                data_str = json.dumps(jsonable_encoder(item.data))
                        else:
                            data_str = None
                        return format_sse_event(
                            data_str=data_str,
                            event=item.event,
                            id=item.id,
                            retry=item.retry,
                            comment=item.comment,
                        )
                    else:
                        # Plain object: validate + serialize via
                        # stream_item_field (if set) and wrap in data field
                        return format_sse_event(
                            data_str=_serialize_data(item).decode("utf-8")
                        )
    
                if dependant.is_async_gen_callable:
                    sse_aiter: AsyncIterator[Any] = gen.__aiter__()
                else:
                    sse_aiter = iterate_in_threadpool(gen)
    
                @asynccontextmanager
                async def _sse_producer_cm() -> AsyncIterator[
                    ObjectReceiveStream[bytes]
                ]:
                    # Use a memory stream to decouple generator iteration
                    # from the keepalive timer. A producer task pulls items
                    # from the generator independently, so
                    # `anyio.fail_after` never wraps the generator's
                    # `__anext__` directly - avoiding CancelledError that
                    # would finalize the generator and also working for sync
                    # generators running in a thread pool.
                    #
                    # This context manager is entered on the request-scoped
                    # AsyncExitStack so its __aexit__ (which cancels the
                    # task group) is called by the exit stack after the
                    # streaming response completes — not by async generator
                    # finalization via GeneratorExit.
                    # Ref: https://peps.python.org/pep-0789/
                    send_stream, receive_stream = anyio.create_memory_object_stream[
                        bytes
                    ](max_buffer_size=1)
    
                    async def _producer() -> None:
                        async with send_stream:
                            async for raw_item in sse_aiter:
                                await send_stream.send(_serialize_sse_item(raw_item))
    
                    send_keepalive, receive_keepalive = (
                        anyio.create_memory_object_stream[bytes](max_buffer_size=1)
                    )
    
                    async def _keepalive_inserter() -> None:
                        """Read from the producer and forward to the output,
                        inserting keepalive comments on timeout."""
                        async with send_keepalive, receive_stream:
                            try:
                                while True:
                                    try:
                                        with anyio.fail_after(_PING_INTERVAL):
                                            data = await receive_stream.receive()
                                        await send_keepalive.send(data)
                                    except TimeoutError:
                                        await send_keepalive.send(KEEPALIVE_COMMENT)
                            except anyio.EndOfStream:
                                pass
    
                    async with anyio.create_task_group() as tg:
                        tg.start_soon(_producer)
                        tg.start_soon(_keepalive_inserter)
                        yield receive_keepalive
                        tg.cancel_scope.cancel()
    
                # Enter the SSE context manager on the request-scoped
                # exit stack. The stack outlives the streaming response,
                # so __aexit__ runs via proper structured teardown, not
                # via GeneratorExit thrown into an async generator.
                sse_receive_stream = await async_exit_stack.enter_async_context(
                    _sse_producer_cm()
                )
                # Ensure the receive stream is closed when the exit stack
                # unwinds, preventing ResourceWarning from __del__.
                async_exit_stack.push_async_callback(sse_receive_stream.aclose)
    
                async def _sse_with_checkpoints(
                    stream: ObjectReceiveStream[bytes],
                ) -> AsyncIterator[bytes]:
                    async for data in stream:
                        yield data
                        # Guarantee a checkpoint so cancellation can be
                        # delivered even when the producer is faster than
                        # the consumer and receive() never suspends.
                        await anyio.sleep(0)
    
                sse_stream_content: AsyncIterator[bytes] | Iterator[bytes] = (
                    _sse_with_checkpoints(sse_receive_stream)
                )
    
                response = StreamingResponse(
                    sse_stream_content,
                    media_type="text/event-stream",
                    background=solved_result.background_tasks,
                )
                response.headers["Cache-Control"] = "no-cache"
                # For Nginx proxies to not buffer server sent events
                response.headers["X-Accel-Buffering"] = "no"
                response.headers.raw.extend(solved_result.response.headers.raw)
            elif is_json_stream:
                # Generator endpoint: stream as JSONL
                gen = dependant.call(**solved_result.values)
    
                def _serialize_item(item: Any) -> bytes:
                    return _serialize_data(item) + b"\n"
    
                if dependant.is_async_gen_callable:
    
                    async def _async_stream_jsonl() -> AsyncIterator[bytes]:
                        async for item in gen:
                            yield _serialize_item(item)
                            # To allow for cancellation to trigger
                            # Ref: https://github.com/fastapi/fastapi/issues/14680
                            await anyio.sleep(0)
    
                    jsonl_stream_content: AsyncIterator[bytes] | Iterator[bytes] = (
                        _async_stream_jsonl()
                    )
                else:
    
                    def _sync_stream_jsonl() -> Iterator[bytes]:
                        for item in gen:  # ty: ignore[not-iterable]
                            yield _serialize_item(item)
    
[...]
                conn = self._revalidate_connection()
    
            context = constructor(
                dialect, self, conn, execution_options, *args, **kw
            )
        except (exc.PendingRollbackError, exc.ResourceClosedError):
            raise
        except BaseException as e:
>           self._handle_dbapi_exception(
                e, str(statement), parameters, None, None
            )

/usr/local/lib/python3.12/site-packages/sqlalchemy/engine/base.py:1823: 
_ _ _ _ _ _ _ _ _ _ _ _ _ _ _ _ _ _ _ _ _ _ _ _ _ _ _ _ _ _ _ _ _ _ _ _ _ _ _ _ 

self = <sqlalchemy.engine.base.Connection object at 0x7fa6e1b4d550>
e = AttributeError("'str' object has no attribute 'hex'")
statement = 'SELECT predictions.id, predictions.team_id, predictions.match_id, predictions.submission_id, predictions.idempotency_....raw_payload, predictions.submitted_at \nFROM predictions \nWHERE predictions.team_id = ? AND predictions.match_id = ?'
parameters = [{}], cursor = None, context = None, is_sub_exec = False

    def _handle_dbapi_exception(
        self,
        e: BaseException,
        statement: Optional[str],
        parameters: Optional[_AnyExecuteParams],
        cursor: Optional[DBAPICursor],
        context: Optional[ExecutionContext],
        is_sub_exec: bool = False,
    ) -> NoReturn:
        exc_info = sys.exc_info()
    
        is_exit_exception = util.is_exit_exception(e)
    
        if not self._is_disconnect:
            self._is_disconnect = (
                isinstance(e, self.dialect.loaded_dbapi.Error)
                and not self.closed
                and self.dialect.is_disconnect(
                    e,
                    self._dbapi_connection if not self.invalidated else None,
                    cursor,
                )
            ) or (is_exit_exception and not self.closed)
    
        invalidate_pool_on_disconnect = not is_exit_exception
    
        ismulti: bool = (
            not is_sub_exec and context.executemany
            if context is not None
            else False
        )
        if self._reentrant_error:
            raise exc.DBAPIError.instance(
                statement,
                parameters,
                e,
                self.dialect.loaded_dbapi.Error,
                hide_parameters=self.engine.hide_parameters,
                dialect=self.dialect,
                ismulti=ismulti,
            ).with_traceback(exc_info[2]) from e
        self._reentrant_error = True
        try:
            # non-DBAPI error - if we already got a context,
            # or there's no string statement, don't wrap it
            should_wrap = isinstance(e, self.dialect.loaded_dbapi.Error) or (
                statement is not None
                and context is None
                and not is_exit_exception
            )
    
            if should_wrap:
                sqlalchemy_exception = exc.DBAPIError.instance(
                    statement,
                    parameters,
                    cast(Exception, e),
                    self.dialect.loaded_dbapi.Error,
                    hide_parameters=self.engine.hide_parameters,
                    connection_invalidated=self._is_disconnect,
                    dialect=self.dialect,
                    ismulti=ismulti,
                )
            else:
                sqlalchemy_exception = None
    
            newraise = None
    
            if (self.dialect._has_events) and not self._execution_options.get(
                "skip_user_error_events", False
            ):
                ctx = ExceptionContextImpl(
                    e,
                    sqlalchemy_exception,
                    self.engine,
                    self.dialect,
                    self,
                    cursor,
                    statement,
                    parameters,
                    context,
                    self._is_disconnect,
                    invalidate_pool_on_disconnect,
                    False,
                )
    
                for fn in self.dialect.dispatch.handle_error:
                    try:
                        # handler returns an exception;
                        # call next handler in a chain
                        per_fn = fn(ctx)
                        if per_fn is not None:
                            ctx.chained_exception = newraise = per_fn
                    except Exception as _raised:
                        # handler raises an exception - stop processing
                        newraise = _raised
                        break
    
                if self._is_disconnect != ctx.is_disconnect:
                    self._is_disconnect = ctx.is_disconnect
                    if sqlalchemy_exception:
                        sqlalchemy_exception.connection_invalidated = (
                            ctx.is_disconnect
                        )
    
                # set up potentially user-defined value for
                # invalidate pool.
                invalidate_pool_on_disconnect = (
                    ctx.invalidate_pool_on_disconnect
                )
    
            if should_wrap and context:
                context.handle_dbapi_exception(e)
    
            if not self._is_disconnect:
                if cursor:
                    self._safe_close_cursor(cursor)
                # "autorollback" was mostly relevant in 1.x series.
                # It's very unlikely to reach here, as the connection
                # does autobegin so when we are here, we are usually
                # in an explicit / semi-explicit transaction.
                # however we have a test which manufactures this
                # scenario in any case using an event handler.
                # test/engine/test_execute.py-> test_actual_autorollback
                if not self.in_transaction():
                    self._rollback_impl()
    
            if newraise:
                raise newraise.with_traceback(exc_info[2]) from e
            elif should_wrap:
                assert sqlalchemy_exception is not None
>               raise sqlalchemy_exception.with_traceback(exc_info[2]) from e

/usr/local/lib/python3.12/site-packages/sqlalchemy/engine/base.py:2365: 
_ _ _ _ _ _ _ _ _ _ _ _ _ _ _ _ _ _ _ _ _ _ _ _ _ _ _ _ _ _ _ _ _ _ _ _ _ _ _ _ 

self = <sqlalchemy.engine.base.Connection object at 0x7fa6e1b4d550>
dialect = <sqlalchemy.dialects.sqlite.pysqlite.SQLiteDialect_pysqlite object at 0x7fa6e31dcd10>
constructor = <bound method DefaultExecutionContext._init_compiled of <class 'sqlalchemy.dialects.sqlite.base.SQLiteExecutionContext'>>
statement = <sqlalchemy.dialects.sqlite.base.SQLiteCompiler object at 0x7fa6e11804a0>
parameters = [{}]
execution_options = immutabledict({'_result_disable_adapt_to_context': True})
args = (<sqlalchemy.dialects.sqlite.base.SQLiteCompiler object at 0x7fa6e11804a0>, [{}], <sqlalchemy.sql.selectable.Select ob...', type_=Uuid()), BindParameter('%(140354717746288 match_id)s', 'ac89900f-5ea9-4d92-8099-2734b7bdc741', type_=Uuid())])
kw = {'cache_hit': <CacheStats.CACHE_MISS: 1>}

    def _execute_context(
        self,
        dialect: Dialect,
        constructor: Callable[..., ExecutionContext],
        statement: Union[str, Compiled],
        parameters: Optional[_AnyMultiExecuteParams],
        execution_options: _ExecuteOptions,
        *args: Any,
        **kw: Any,
    ) -> CursorResult[Any]:
        """Create an :class:`.ExecutionContext` and execute, returning
        a :class:`_engine.CursorResult`."""
    
        if execution_options:
            yp = execution_options.get("yield_per", None)
            if yp:
                execution_options = execution_options.union(
                    {"stream_results": True, "max_row_buffer": yp}
                )
        try:
            conn = self._dbapi_connection
            if conn is None:
                conn = self._revalidate_connection()
    
>           context = constructor(
                dialect, self, conn, execution_options, *args, **kw
            )

/usr/local/lib/python3.12/site-packages/sqlalchemy/engine/base.py:1817: 
_ _ _ _ _ _ _ _ _ _ _ _ _ _ _ _ _ _ _ _ _ _ _ _ _ _ _ _ _ _ _ _ _ _ _ _ _ _ _ _ 

cls = <class 'sqlalchemy.dialects.sqlite.base.SQLiteExecutionContext'>
dialect = <sqlalchemy.dialects.sqlite.pysqlite.SQLiteDialect_pysqlite object at 0x7fa6e31dcd10>
connection = <sqlalchemy.engine.base.Connection object at 0x7fa6e1b4d550>
dbapi_connection = <sqlalchemy.pool.base._ConnectionFairy object at 0x7fa6e1b54b90>
execution_options = immutabledict({'_result_disable_adapt_to_context': True})
compiled = <sqlalchemy.dialects.sqlite.base.SQLiteCompiler object at 0x7fa6e11804a0>
parameters = [{}]
invoked_statement = <sqlalchemy.sql.selectable.Select object at 0x7fa6e1180200>
extracted_parameters = [BindParameter('%(140354728032784 team_id)s', 'c6a02263-3425-4946-a192-98d1ec97fb64', type_=Uuid()), BindParameter('%(140354717746288 match_id)s', 'ac89900f-5ea9-4d92-8099-2734b7bdc741', type_=Uuid())]
cache_hit = <CacheStats.CACHE_MISS: 1>

    @classmethod
    def _init_compiled(
        cls,
        dialect: Dialect,
        connection: Connection,
        dbapi_connection: PoolProxiedConnection,
        execution_options: _ExecuteOptions,
        compiled: SQLCompiler,
        parameters: _CoreMultiExecuteParams,
        invoked_statement: Executable,
        extracted_parameters: Optional[Sequence[BindParameter[Any]]],
        cache_hit: CacheStats = CacheStats.CACHING_DISABLED,
    ) -> ExecutionContext:
        """Initialize execution context for a Compiled construct."""
    
        self = cls.__new__(cls)
        self.root_connection = connection
        self._dbapi_connection = dbapi_connection
        self.dialect = connection.dialect
        self.extracted_parameters = extracted_parameters
        self.invoked_statement = invoked_statement
        self.compiled = compiled
        self.cache_hit = cache_hit
    
        self.execution_options = execution_options
    
        self.result_column_struct = (
            compiled._result_columns,
            compiled._ordered_columns,
            compiled._textual_ordered_columns,
            compiled._ad_hoc_textual,
            compiled._loose_column_name_matching,
        )
    
        self.isinsert = ii = compiled.isinsert
        self.isupdate = iu = compiled.isupdate
        self.isdelete = id_ = compiled.isdelete
        self.is_text = compiled.isplaintext
    
        if ii or iu or id_:
            dml_statement = compiled.compile_state.statement  # type: ignore
            if TYPE_CHECKING:
                assert isinstance(dml_statement, UpdateBase)
            self.is_crud = True
            self._is_explicit_returning = ier = bool(dml_statement._returning)
            self._is_implicit_returning = iir = bool(
                compiled.implicit_returning
            )
            if iir and dml_statement._supplemental_returning:
                self._is_supplemental_returning = True
    
            # dont mix implicit and explicit returning
            assert not (iir and ier)
    
            if (ier or iir) and compiled.for_executemany:
                if ii and not self.dialect.insert_executemany_returning:
                    raise exc.InvalidRequestError(
                        f"Dialect {self.dialect.dialect_description} with "
                        f"current server capabilities does not support "
                        "INSERT..RETURNING when executemany is used"
                    )
                elif (
                    ii
                    and dml_statement._sort_by_parameter_order
                    and not self.dialect.insert_executemany_returning_sort_by_parameter_order  # noqa: E501
                ):
                    raise exc.InvalidRequestError(
                        f"Dialect {self.dialect.dialect_description} with "
                        f"current server capabilities does not support "
                        "INSERT..RETURNING with deterministic row ordering "
                        "when executemany is used"
                    )
                elif (
                    ii
                    and self.dialect.use_insertmanyvalues
                    and not compiled._insertmanyvalues
                ):
                    raise exc.InvalidRequestError(
                        'Statement does not have "insertmanyvalues" '
                        "enabled, can't use INSERT..RETURNING with "
                        "executemany in this case."
                    )
                elif iu and not self.dialect.update_executemany_returning:
                    raise exc.InvalidRequestError(
                        f"Dialect {self.dialect.dialect_description} with "
                        f"current server capabilities does not support "
                        "UPDATE..RETURNING when executemany is used"
                    )
                elif id_ and not self.dialect.delete_executemany_returning:
                    raise exc.InvalidRequestError(
                        f"Dialect {self.dialect.dialect_description} with "
                        f"current server capabilities does not support "
                        "DELETE..RETURNING when executemany is used"
                    )
    
        if not parameters:
            self.compiled_parameters = [
                compiled.construct_params(
                    extracted_parameters=extracted_parameters,
                    escape_names=False,
                )
            ]
        else:
            self.compiled_parameters = [
                compiled.construct_params(
                    m,
                    escape_names=False,
                    _group_number=grp,
                    extracted_parameters=extracted_parameters,
                )
                for grp, m in enumerate(parameters)
            ]
    
            if len(parameters) > 1:
                if self.isinsert and compiled._insertmanyvalues:
                    self.execute_style = ExecuteStyle.INSERTMANYVALUES
    
                    imv = compiled._insertmanyvalues
                    if imv.sentinel_columns is not None:
                        self._num_sentinel_cols = imv.num_sentinel_columns
                else:
                    self.execute_style = ExecuteStyle.EXECUTEMANY
    
        self.unicode_statement = compiled.string
    
        self.cursor = self.create_cursor()
    
        if self.compiled.insert_prefetch or self.compiled.update_prefetch:
            self._process_execute_defaults()
    
        processors = compiled._bind_processors
    
        flattened_processors: Mapping[
            str, _BindProcessorType[Any]
        ] = processors  # type: ignore[assignment]
    
        if compiled.literal_execute_params or compiled.post_compile_params:
            if self.executemany:
                raise exc.InvalidRequestError(
                    "'literal_execute' or 'expanding' parameters can't be "
                    "used with executemany()"
                )
    
            expanded_state = compiled._process_parameters_for_postcompile(
                self.compiled_parameters[0]
            )
    
            # re-assign self.unicode_statement
            self.unicode_statement = expanded_state.statement
    
            self._expanded_parameters = expanded_state.parameter_expansion
    
            flattened_processors = dict(processors)  # type: ignore
            flattened_processors.update(expanded_state.processors)
            positiontup = expanded_state.positiontup
        elif compiled.positional:
            positiontup = self.compiled.positiontup
        else:
            positiontup = None
    
        if compiled.schema_translate_map:
            schema_translate_map = self.execution_options.get(
                "schema_translate_map", {}
            )
            rst = compiled.preparer._render_schema_translates
            self.unicode_statement = rst(
                self.unicode_statement, schema_translate_map
            )
    
        # final self.unicode_statement is now assigned, encode if needed
        # by dialect
        self.statement = self.unicode_statement
    
        # Convert the dictionary of bind parameter values
        # into a dict or list to be sent to the DBAPI's
        # execute() or executemany() method.
    
        if compiled.positional:
            core_positional_parameters: MutableSequence[Sequence[Any]] = []
            assert positiontup is not None
            for compiled_params in self.compiled_parameters:
                l_param: List[Any] = [
                    (
>                       flattened_processors[key](compiled_params[key])
                        if key in flattened_processors
                        else compiled_params[key]
                    )
                    for key in positiontup
                ]

/usr/local/lib/python3.12/site-packages/sqlalchemy/engine/default.py:1496: 
_ _ _ _ _ _ _ _ _ _ _ _ _ _ _ _ _ _ _ _ _ _ _ _ _ _ _ _ _ _ _ _ _ _ _ _ _ _ _ _ 

value = 'c6a02263-3425-4946-a192-98d1ec97fb64'

    def process(value):
        if value is not None:
>           value = value.hex
                    ^^^^^^^^^
E           sqlalchemy.exc.StatementError: (builtins.AttributeError) 'str' object has no attribute 'hex'
E           [SQL: SELECT predictions.id, predictions.team_id, predictions.match_id, predictions.submission_id, predictions.idempotency_key, predictions.status, predictions.predicted_winner, predictions.home_win_probability, predictions.draw_probability, predictions.away_win_probability, predictions.predicted_home_goals, predictions.predicted_away_goals, predictions.total_goals_prediction, predictions.both_teams_to_score_prediction, predictions.both_teams_to_score_probability, predictions.first_goal_team, predictions.first_goal_team_probability, predictions.clean_sheet_predictions, predictions.home_clean_sheet_probability, predictions.away_clean_sheet_probability, predictions.goal_scorers, predictions.raw_payload, predictions.submitted_at 
E           FROM predictions 
E           WHERE predictions.team_id = ? AND predictions.match_id = ?]
E           [parameters: [{}]]

/usr/local/lib/python3.12/site-packages/sqlalchemy/sql/sqltypes.py:3734: StatementError
=============================== warnings summary ===============================
../usr/local/lib/python3.12/site-packages/fastapi/testclient.py:1
  /usr/local/lib/python3.12/site-packages/fastapi/testclient.py:1: StarletteDeprecationWarning: Using `httpx` with `starlette.testclient` is deprecated; install `httpx2` instead.
    from starlette.testclient import TestClient as TestClient  # noqa

../usr/local/lib/python3.12/site-packages/passlib/utils/__init__.py:854
  /usr/local/lib/python3.12/site-packages/passlib/utils/__init__.py:854: DeprecationWarning: 'crypt' is deprecated and slated for removal in Python 3.13
    from crypt import crypt as _crypt

app/schemas/upload_window_schema.py:17
  /app/app/schemas/upload_window_schema.py:17: PydanticDeprecatedSince20: Support for class-based `config` is deprecated, use ConfigDict instead. Deprecated in Pydantic V2.0 to be removed in V3.0. See Pydantic V2 Migration Guide at https://errors.pydantic.dev/2.13/migration/
    class UploadWindowResponse(UploadWindowBase):

app/schemas/leaderboard_visibility_schema.py:30
  /app/app/schemas/leaderboard_visibility_schema.py:30: PydanticDeprecatedSince20: Support for class-based `config` is deprecated, use ConfigDict instead. Deprecated in Pydantic V2.0 to be removed in V3.0. See Pydantic V2 Migration Guide at https://errors.pydantic.dev/2.13/migration/
    class LeaderboardVisibilityResponse(BaseModel):

-- Docs: https://docs.pytest.org/en/stable/how-to/capture-warnings.html
=========================== short test summary info ============================
FAILED tests/test_api.py::TestPredictionAPI::test_valid_prediction_returns_accepted
================= 1 failed, 42 deselected, 4 warnings in 1.66s =================
